c:\users\lenovo\source\repos\buffer_and_route\buffer_and_route\x64\debug\uic\ui_buffer_and_route.h
c:\users\lenovo\source\repos\buffer_and_route\buffer_and_route\x64\debug\rcc\qrc_buffer_and_route.cpp
c:\users\lenovo\source\repos\buffer_and_route\buffer_and_route\x64\debug\moc\moc_buffer_and_route.cpp
c:\users\lenovo\source\repos\buffer_and_route\buffer_and_route\x64\debug\qrc_buffer_and_route.obj
c:\users\lenovo\source\repos\buffer_and_route\buffer_and_route\x64\debug\moc_buffer_and_route.obj
c:\users\lenovo\source\repos\buffer_and_route\buffer_and_route\x64\debug\main.obj
c:\users\lenovo\source\repos\buffer_and_route\buffer_and_route\x64\debug\buffer_and_route.obj
c:\users\lenovo\source\repos\buffer_and_route\buffer_and_route\x64\debug\vc143.pdb
c:\users\lenovo\source\repos\buffer_and_route\x64\debug\buffer_and_route.exe
c:\users\lenovo\source\repos\buffer_and_route\x64\debug\buffer_and_route.ilk
c:\users\lenovo\source\repos\buffer_and_route\x64\debug\buffer_and_route.pdb
c:\users\lenovo\source\repos\buffer_and_route\buffer_and_route\x64\debug\buffer_and_route.tlog\buffer_and_route.write.1u.tlog
c:\users\lenovo\source\repos\buffer_and_route\buffer_and_route\x64\debug\buffer_and_route.tlog\cl.command.1.tlog
c:\users\lenovo\source\repos\buffer_and_route\buffer_and_route\x64\debug\buffer_and_route.tlog\cl.read.1.tlog
c:\users\lenovo\source\repos\buffer_and_route\buffer_and_route\x64\debug\buffer_and_route.tlog\cl.write.1.tlog
c:\users\lenovo\source\repos\buffer_and_route\buffer_and_route\x64\debug\buffer_and_route.tlog\link.command.1.tlog
c:\users\lenovo\source\repos\buffer_and_route\buffer_and_route\x64\debug\buffer_and_route.tlog\link.read.1.tlog
c:\users\lenovo\source\repos\buffer_and_route\buffer_and_route\x64\debug\buffer_and_route.tlog\link.write.1.tlog
c:\users\lenovo\source\repos\buffer_and_route\buffer_and_route\x64\debug\buffer_and_route.tlog\moc.read.1u.tlog
c:\users\lenovo\source\repos\buffer_and_route\buffer_and_route\x64\debug\buffer_and_route.tlog\moc.write.1u.tlog
c:\users\lenovo\source\repos\buffer_and_route\buffer_and_route\x64\debug\buffer_and_route.tlog\rcc.read.1u.tlog
c:\users\lenovo\source\repos\buffer_and_route\buffer_and_route\x64\debug\buffer_and_route.tlog\rcc.write.1u.tlog
c:\users\lenovo\source\repos\buffer_and_route\buffer_and_route\x64\debug\buffer_and_route.tlog\uic.read.1u.tlog
c:\users\lenovo\source\repos\buffer_and_route\buffer_and_route\x64\debug\buffer_and_route.tlog\uic.write.1u.tlog
